<?xml version="1.0" encoding="UTF-8"?>
<!-- Generated by org.testng.reporters.JUnitReportReporter -->
<testsuite hostname="DESKTOP-C1US6VV" failures="0" tests="2" name="test.ResgisterPageTest" time="19.560" errors="0" timestamp="2023-09-16T15:01:57 IST" skipped="0">
  <testcase classname="test.ResgisterPageTest" name="setup" time="14.160"/>
  <testcase classname="test.ResgisterPageTest" name="registerUser" time="5.400"/>
</testsuite> <!-- test.ResgisterPageTest -->
