<?xml version="1.0" encoding="UTF-8"?>
<!-- Generated by org.testng.reporters.JUnitReportReporter -->
<testsuite hostname="DESKTOP-C1US6VV" failures="0" tests="2" name="test.HomePageTest" time="24.867" errors="0" timestamp="2023-09-16T14:39:11 IST" skipped="0">
  <testcase classname="test.HomePageTest" name="setup" time="16.785"/>
  <testcase classname="test.HomePageTest" name="registerUser" time="8.082"/>
</testsuite> <!-- test.HomePageTest -->
