<?xml version="1.0" encoding="UTF-8"?>
<!-- Generated by org.testng.reporters.JUnitReportReporter -->
<testsuite hostname="DESKTOP-C1US6VV" failures="0" tests="1" name="pages.HomePage" time="9.710" errors="0" timestamp="2023-09-15T18:52:27 IST" skipped="0">
  <testcase classname="pages.HomePage" name="enterUserNmae" time="9.710"/>
</testsuite> <!-- pages.HomePage -->
